<?xml version="1.0" encoding="UTF-8"?>
<testsuite name="com.whoseturn.api.repository.UserRepositoryTest" tests="4" skipped="0" failures="0" errors="0" timestamp="2015-11-25T16:29:01" hostname="user-PC01" time="0.143">
  <properties/>
  <testcase name="testPersistUser" classname="com.whoseturn.api.repository.UserRepositoryTest" time="0.094"/>
  <testcase name="testFindAll" classname="com.whoseturn.api.repository.UserRepositoryTest" time="0.016"/>
  <testcase name="testPersistWrong" classname="com.whoseturn.api.repository.UserRepositoryTest" time="0.013"/>
  <testcase name="testFindById" classname="com.whoseturn.api.repository.UserRepositoryTest" time="0.017"/>
  <system-out><![CDATA[17:29:01,354  INFO DefaultTestContextBootstrapper:259 - Loaded default TestExecutionListener class names from location [META-INF/spring.factories]: [org.springframework.test.context.web.ServletTestExecutionListener, org.springframework.test.context.support.DirtiesContextBeforeModesTestExecutionListener, org.springframework.test.context.support.DependencyInjectionTestExecutionListener, org.springframework.test.context.support.DirtiesContextTestExecutionListener, org.springframework.test.context.transaction.TransactionalTestExecutionListener, org.springframework.test.context.jdbc.SqlScriptsTestExecutionListener]
17:29:01,355  INFO DefaultTestContextBootstrapper:185 - Using TestExecutionListeners: [org.springframework.test.context.web.ServletTestExecutionListener@3bd62615, org.springframework.test.context.support.DirtiesContextBeforeModesTestExecutionListener@2ea3e428, org.springframework.test.context.support.DependencyInjectionTestExecutionListener@6674e2a1, org.springframework.test.context.support.DirtiesContextTestExecutionListener@5be6d76e, org.springframework.test.context.transaction.TransactionalTestExecutionListener@510ab489, org.springframework.test.context.jdbc.SqlScriptsTestExecutionListener@60b99824]
17:29:01,401  INFO TransactionContext:101 - Began transaction (1) for test context [DefaultTestContext@5c9cf0b0 testClass = UserRepositoryTest, testInstance = com.whoseturn.api.repository.UserRepositoryTest@1bd937c, testMethod = testPersistUser@UserRepositoryTest, testException = [null], mergedContextConfiguration = [MergedContextConfiguration@21191f78 testClass = UserRepositoryTest, locations = '{}', classes = '{class com.whoseturn.api.configuration.db.HibernateConfiguration}', contextInitializerClasses = '[]', activeProfiles = '{dev}', propertySourceLocations = '{}', propertySourceProperties = '{}', contextLoader = 'org.springframework.test.context.support.DelegatingSmartContextLoader', parent = [null]]]; transaction manager [org.springframework.orm.jpa.JpaTransactionManager@304e7d0b]; rollback [true]
17:29:01,428 DEBUG SQL:109 - select user0_.id as id1_1_, user0_.createDate as createDa2_1_, user0_.lastUpdate as lastUpda3_1_, user0_.username as username4_1_ from User user0_
Hibernate: select user0_.id as id1_1_, user0_.createDate as createDa2_1_, user0_.lastUpdate as lastUpda3_1_, user0_.username as username4_1_ from User user0_
17:29:01,429 TRACE BasicExtractor:78 - extracted value ([id1_1_] : [BIGINT]) - [1]
17:29:01,431 TRACE BasicExtractor:78 - extracted value ([createDa2_1_] : [TIMESTAMP]) - [2015-11-25 17:29:00.786]
17:29:01,431 TRACE BasicExtractor:78 - extracted value ([lastUpda3_1_] : [TIMESTAMP]) - [2015-11-25 17:29:00.786]
17:29:01,432 TRACE BasicExtractor:78 - extracted value ([username4_1_] : [VARCHAR]) - [toto]
17:29:01,433 TRACE BasicExtractor:78 - extracted value ([id1_1_] : [BIGINT]) - [2]
17:29:01,433 TRACE BasicExtractor:78 - extracted value ([createDa2_1_] : [TIMESTAMP]) - [2015-11-25 17:29:00.79]
17:29:01,434 TRACE BasicExtractor:78 - extracted value ([lastUpda3_1_] : [TIMESTAMP]) - [2015-11-25 17:29:00.79]
17:29:01,434 TRACE BasicExtractor:78 - extracted value ([username4_1_] : [VARCHAR]) - [Bob]
17:29:01,439 DEBUG SQL:109 - insert into User (id, createDate, lastUpdate, username) values (null, ?, ?, ?)
Hibernate: insert into User (id, createDate, lastUpdate, username) values (null, ?, ?, ?)
17:29:01,441 TRACE BasicBinder:81 - binding parameter [1] as [TIMESTAMP] - [Wed Nov 25 17:29:01 CET 2015]
17:29:01,442 TRACE BasicBinder:81 - binding parameter [2] as [TIMESTAMP] - [Wed Nov 25 17:29:01 CET 2015]
17:29:01,443 TRACE BasicBinder:81 - binding parameter [3] as [VARCHAR] - [max]
17:29:01,446 DEBUG SQL:109 - select user0_.id as id1_1_, user0_.createDate as createDa2_1_, user0_.lastUpdate as lastUpda3_1_, user0_.username as username4_1_ from User user0_
Hibernate: select user0_.id as id1_1_, user0_.createDate as createDa2_1_, user0_.lastUpdate as lastUpda3_1_, user0_.username as username4_1_ from User user0_
17:29:01,447 TRACE BasicExtractor:78 - extracted value ([id1_1_] : [BIGINT]) - [1]
17:29:01,448 TRACE BasicExtractor:78 - extracted value ([id1_1_] : [BIGINT]) - [2]
17:29:01,448 TRACE BasicExtractor:78 - extracted value ([id1_1_] : [BIGINT]) - [3]
17:29:01,484  INFO TransactionContext:136 - Rolled back transaction for test context [DefaultTestContext@5c9cf0b0 testClass = UserRepositoryTest, testInstance = com.whoseturn.api.repository.UserRepositoryTest@1bd937c, testMethod = testPersistUser@UserRepositoryTest, testException = [null], mergedContextConfiguration = [MergedContextConfiguration@21191f78 testClass = UserRepositoryTest, locations = '{}', classes = '{class com.whoseturn.api.configuration.db.HibernateConfiguration}', contextInitializerClasses = '[]', activeProfiles = '{dev}', propertySourceLocations = '{}', propertySourceProperties = '{}', contextLoader = 'org.springframework.test.context.support.DelegatingSmartContextLoader', parent = [null]]].
17:29:01,487  INFO TransactionContext:101 - Began transaction (1) for test context [DefaultTestContext@5c9cf0b0 testClass = UserRepositoryTest, testInstance = com.whoseturn.api.repository.UserRepositoryTest@ddc4997, testMethod = testFindAll@UserRepositoryTest, testException = [null], mergedContextConfiguration = [MergedContextConfiguration@21191f78 testClass = UserRepositoryTest, locations = '{}', classes = '{class com.whoseturn.api.configuration.db.HibernateConfiguration}', contextInitializerClasses = '[]', activeProfiles = '{dev}', propertySourceLocations = '{}', propertySourceProperties = '{}', contextLoader = 'org.springframework.test.context.support.DelegatingSmartContextLoader', parent = [null]]]; transaction manager [org.springframework.orm.jpa.JpaTransactionManager@304e7d0b]; rollback [true]
17:29:01,488 DEBUG SQL:109 - select user0_.id as id1_1_, user0_.createDate as createDa2_1_, user0_.lastUpdate as lastUpda3_1_, user0_.username as username4_1_ from User user0_
Hibernate: select user0_.id as id1_1_, user0_.createDate as createDa2_1_, user0_.lastUpdate as lastUpda3_1_, user0_.username as username4_1_ from User user0_
17:29:01,489 TRACE BasicExtractor:78 - extracted value ([id1_1_] : [BIGINT]) - [1]
17:29:01,489 TRACE BasicExtractor:78 - extracted value ([createDa2_1_] : [TIMESTAMP]) - [2015-11-25 17:29:00.786]
17:29:01,490 TRACE BasicExtractor:78 - extracted value ([lastUpda3_1_] : [TIMESTAMP]) - [2015-11-25 17:29:00.786]
17:29:01,490 TRACE BasicExtractor:78 - extracted value ([username4_1_] : [VARCHAR]) - [toto]
17:29:01,491 TRACE BasicExtractor:78 - extracted value ([id1_1_] : [BIGINT]) - [2]
17:29:01,491 TRACE BasicExtractor:78 - extracted value ([createDa2_1_] : [TIMESTAMP]) - [2015-11-25 17:29:00.79]
17:29:01,492 TRACE BasicExtractor:78 - extracted value ([lastUpda3_1_] : [TIMESTAMP]) - [2015-11-25 17:29:00.79]
17:29:01,492 TRACE BasicExtractor:78 - extracted value ([username4_1_] : [VARCHAR]) - [Bob]
17:29:01,502  INFO TransactionContext:136 - Rolled back transaction for test context [DefaultTestContext@5c9cf0b0 testClass = UserRepositoryTest, testInstance = com.whoseturn.api.repository.UserRepositoryTest@ddc4997, testMethod = testFindAll@UserRepositoryTest, testException = [null], mergedContextConfiguration = [MergedContextConfiguration@21191f78 testClass = UserRepositoryTest, locations = '{}', classes = '{class com.whoseturn.api.configuration.db.HibernateConfiguration}', contextInitializerClasses = '[]', activeProfiles = '{dev}', propertySourceLocations = '{}', propertySourceProperties = '{}', contextLoader = 'org.springframework.test.context.support.DelegatingSmartContextLoader', parent = [null]]].
17:29:01,505  INFO TransactionContext:101 - Began transaction (1) for test context [DefaultTestContext@5c9cf0b0 testClass = UserRepositoryTest, testInstance = com.whoseturn.api.repository.UserRepositoryTest@3649df7f, testMethod = testPersistWrong@UserRepositoryTest, testException = [null], mergedContextConfiguration = [MergedContextConfiguration@21191f78 testClass = UserRepositoryTest, locations = '{}', classes = '{class com.whoseturn.api.configuration.db.HibernateConfiguration}', contextInitializerClasses = '[]', activeProfiles = '{dev}', propertySourceLocations = '{}', propertySourceProperties = '{}', contextLoader = 'org.springframework.test.context.support.DelegatingSmartContextLoader', parent = [null]]]; transaction manager [org.springframework.orm.jpa.JpaTransactionManager@304e7d0b]; rollback [true]
17:29:01,505 DEBUG SQL:109 - insert into User (id, createDate, lastUpdate, username) values (null, ?, ?, ?)
Hibernate: insert into User (id, createDate, lastUpdate, username) values (null, ?, ?, ?)
17:29:01,506 TRACE BasicBinder:81 - binding parameter [1] as [TIMESTAMP] - [Wed Nov 25 17:29:01 CET 2015]
17:29:01,507 TRACE BasicBinder:81 - binding parameter [2] as [TIMESTAMP] - [Wed Nov 25 17:29:01 CET 2015]
17:29:01,507 TRACE BasicBinder:69 - binding parameter [3] as [VARCHAR] - [null]
17:29:01,508  WARN SqlExceptionHelper:144 - SQL Error: 23502, SQLState: 23502
17:29:01,508 ERROR SqlExceptionHelper:146 - NULL not allowed for column "USERNAME"; SQL statement:
insert into User (id, createDate, lastUpdate, username) values (null, ?, ?, ?) [23502-190]
17:29:01,516  INFO TransactionContext:136 - Rolled back transaction for test context [DefaultTestContext@5c9cf0b0 testClass = UserRepositoryTest, testInstance = com.whoseturn.api.repository.UserRepositoryTest@3649df7f, testMethod = testPersistWrong@UserRepositoryTest, testException = [null], mergedContextConfiguration = [MergedContextConfiguration@21191f78 testClass = UserRepositoryTest, locations = '{}', classes = '{class com.whoseturn.api.configuration.db.HibernateConfiguration}', contextInitializerClasses = '[]', activeProfiles = '{dev}', propertySourceLocations = '{}', propertySourceProperties = '{}', contextLoader = 'org.springframework.test.context.support.DelegatingSmartContextLoader', parent = [null]]].
17:29:01,519  INFO TransactionContext:101 - Began transaction (1) for test context [DefaultTestContext@5c9cf0b0 testClass = UserRepositoryTest, testInstance = com.whoseturn.api.repository.UserRepositoryTest@4ed0f9c0, testMethod = testFindById@UserRepositoryTest, testException = [null], mergedContextConfiguration = [MergedContextConfiguration@21191f78 testClass = UserRepositoryTest, locations = '{}', classes = '{class com.whoseturn.api.configuration.db.HibernateConfiguration}', contextInitializerClasses = '[]', activeProfiles = '{dev}', propertySourceLocations = '{}', propertySourceProperties = '{}', contextLoader = 'org.springframework.test.context.support.DelegatingSmartContextLoader', parent = [null]]]; transaction manager [org.springframework.orm.jpa.JpaTransactionManager@304e7d0b]; rollback [true]
17:29:01,522 DEBUG SQL:109 - select user0_.id as id1_1_0_, user0_.createDate as createDa2_1_0_, user0_.lastUpdate as lastUpda3_1_0_, user0_.username as username4_1_0_ from User user0_ where user0_.id=?
Hibernate: select user0_.id as id1_1_0_, user0_.createDate as createDa2_1_0_, user0_.lastUpdate as lastUpda3_1_0_, user0_.username as username4_1_0_ from User user0_ where user0_.id=?
17:29:01,523 TRACE BasicBinder:81 - binding parameter [1] as [BIGINT] - [1]
17:29:01,527 TRACE BasicExtractor:78 - extracted value ([createDa2_1_0_] : [TIMESTAMP]) - [2015-11-25 17:29:00.786]
17:29:01,528 TRACE BasicExtractor:78 - extracted value ([lastUpda3_1_0_] : [TIMESTAMP]) - [2015-11-25 17:29:00.786]
17:29:01,529 TRACE BasicExtractor:78 - extracted value ([username4_1_0_] : [VARCHAR]) - [toto]
17:29:01,533  INFO TransactionContext:136 - Rolled back transaction for test context [DefaultTestContext@5c9cf0b0 testClass = UserRepositoryTest, testInstance = com.whoseturn.api.repository.UserRepositoryTest@4ed0f9c0, testMethod = testFindById@UserRepositoryTest, testException = [null], mergedContextConfiguration = [MergedContextConfiguration@21191f78 testClass = UserRepositoryTest, locations = '{}', classes = '{class com.whoseturn.api.configuration.db.HibernateConfiguration}', contextInitializerClasses = '[]', activeProfiles = '{dev}', propertySourceLocations = '{}', propertySourceProperties = '{}', contextLoader = 'org.springframework.test.context.support.DelegatingSmartContextLoader', parent = [null]]].
]]></system-out>
  <system-err><![CDATA[]]></system-err>
</testsuite>
