<?xml version="1.0" encoding="UTF-8"?>
<testsuite name="com.whoseturn.api.repository.UserRepositoryTest" tests="4" skipped="0" failures="0" errors="0" timestamp="2015-11-25T16:35:27" hostname="user-PC01" time="0.156">
  <properties/>
  <testcase name="testPersistUser" classname="com.whoseturn.api.repository.UserRepositoryTest" time="0.109"/>
  <testcase name="testFindAll" classname="com.whoseturn.api.repository.UserRepositoryTest" time="0.017"/>
  <testcase name="testPersistWrong" classname="com.whoseturn.api.repository.UserRepositoryTest" time="0.012"/>
  <testcase name="testFindById" classname="com.whoseturn.api.repository.UserRepositoryTest" time="0.015"/>
  <system-out><![CDATA[17:35:27,692  INFO DefaultTestContextBootstrapper:259 - Loaded default TestExecutionListener class names from location [META-INF/spring.factories]: [org.springframework.test.context.web.ServletTestExecutionListener, org.springframework.test.context.support.DirtiesContextBeforeModesTestExecutionListener, org.springframework.test.context.support.DependencyInjectionTestExecutionListener, org.springframework.test.context.support.DirtiesContextTestExecutionListener, org.springframework.test.context.transaction.TransactionalTestExecutionListener, org.springframework.test.context.jdbc.SqlScriptsTestExecutionListener]
17:35:27,693  INFO DefaultTestContextBootstrapper:185 - Using TestExecutionListeners: [org.springframework.test.context.web.ServletTestExecutionListener@76bf842e, org.springframework.test.context.support.DirtiesContextBeforeModesTestExecutionListener@7e980729, org.springframework.test.context.support.DependencyInjectionTestExecutionListener@56d90e71, org.springframework.test.context.support.DirtiesContextTestExecutionListener@21e998dd, org.springframework.test.context.transaction.TransactionalTestExecutionListener@2b7df63a, org.springframework.test.context.jdbc.SqlScriptsTestExecutionListener@15621d33]
17:35:27,742  INFO TransactionContext:101 - Began transaction (1) for test context [DefaultTestContext@2c6943e8 testClass = UserRepositoryTest, testInstance = com.whoseturn.api.repository.UserRepositoryTest@359510, testMethod = testPersistUser@UserRepositoryTest, testException = [null], mergedContextConfiguration = [MergedContextConfiguration@bd62368 testClass = UserRepositoryTest, locations = '{}', classes = '{class com.whoseturn.api.configuration.db.HibernateConfiguration}', contextInitializerClasses = '[]', activeProfiles = '{dev}', propertySourceLocations = '{}', propertySourceProperties = '{}', contextLoader = 'org.springframework.test.context.support.DelegatingSmartContextLoader', parent = [null]]]; transaction manager [org.springframework.orm.jpa.JpaTransactionManager@3b7118f5]; rollback [true]
17:35:27,774 DEBUG SQL:109 - select user0_.id as id1_1_, user0_.createDate as createDa2_1_, user0_.lastUpdate as lastUpda3_1_, user0_.username as username4_1_ from User user0_
Hibernate: select user0_.id as id1_1_, user0_.createDate as createDa2_1_, user0_.lastUpdate as lastUpda3_1_, user0_.username as username4_1_ from User user0_
17:35:27,775 TRACE BasicExtractor:78 - extracted value ([id1_1_] : [BIGINT]) - [1]
17:35:27,777 TRACE BasicExtractor:78 - extracted value ([createDa2_1_] : [TIMESTAMP]) - [2015-11-25 17:35:27.147]
17:35:27,777 TRACE BasicExtractor:78 - extracted value ([lastUpda3_1_] : [TIMESTAMP]) - [2015-11-25 17:35:27.147]
17:35:27,778 TRACE BasicExtractor:78 - extracted value ([username4_1_] : [VARCHAR]) - [toto]
17:35:27,779 TRACE BasicExtractor:78 - extracted value ([id1_1_] : [BIGINT]) - [2]
17:35:27,779 TRACE BasicExtractor:78 - extracted value ([createDa2_1_] : [TIMESTAMP]) - [2015-11-25 17:35:27.151]
17:35:27,780 TRACE BasicExtractor:78 - extracted value ([lastUpda3_1_] : [TIMESTAMP]) - [2015-11-25 17:35:27.151]
17:35:27,780 TRACE BasicExtractor:78 - extracted value ([username4_1_] : [VARCHAR]) - [Bob]
17:35:27,785 DEBUG SQL:109 - insert into User (id, createDate, lastUpdate, username) values (null, ?, ?, ?)
Hibernate: insert into User (id, createDate, lastUpdate, username) values (null, ?, ?, ?)
17:35:27,787 TRACE BasicBinder:81 - binding parameter [1] as [TIMESTAMP] - [Wed Nov 25 17:35:27 CET 2015]
17:35:27,787 TRACE BasicBinder:81 - binding parameter [2] as [TIMESTAMP] - [Wed Nov 25 17:35:27 CET 2015]
17:35:27,788 TRACE BasicBinder:81 - binding parameter [3] as [VARCHAR] - [max]
17:35:27,791 DEBUG SQL:109 - select user0_.id as id1_1_, user0_.createDate as createDa2_1_, user0_.lastUpdate as lastUpda3_1_, user0_.username as username4_1_ from User user0_
Hibernate: select user0_.id as id1_1_, user0_.createDate as createDa2_1_, user0_.lastUpdate as lastUpda3_1_, user0_.username as username4_1_ from User user0_
17:35:27,792 TRACE BasicExtractor:78 - extracted value ([id1_1_] : [BIGINT]) - [1]
17:35:27,793 TRACE BasicExtractor:78 - extracted value ([id1_1_] : [BIGINT]) - [2]
17:35:27,793 TRACE BasicExtractor:78 - extracted value ([id1_1_] : [BIGINT]) - [3]
17:35:27,839  INFO TransactionContext:136 - Rolled back transaction for test context [DefaultTestContext@2c6943e8 testClass = UserRepositoryTest, testInstance = com.whoseturn.api.repository.UserRepositoryTest@359510, testMethod = testPersistUser@UserRepositoryTest, testException = [null], mergedContextConfiguration = [MergedContextConfiguration@bd62368 testClass = UserRepositoryTest, locations = '{}', classes = '{class com.whoseturn.api.configuration.db.HibernateConfiguration}', contextInitializerClasses = '[]', activeProfiles = '{dev}', propertySourceLocations = '{}', propertySourceProperties = '{}', contextLoader = 'org.springframework.test.context.support.DelegatingSmartContextLoader', parent = [null]]].
17:35:27,843  INFO TransactionContext:101 - Began transaction (1) for test context [DefaultTestContext@2c6943e8 testClass = UserRepositoryTest, testInstance = com.whoseturn.api.repository.UserRepositoryTest@1b8501f6, testMethod = testFindAll@UserRepositoryTest, testException = [null], mergedContextConfiguration = [MergedContextConfiguration@bd62368 testClass = UserRepositoryTest, locations = '{}', classes = '{class com.whoseturn.api.configuration.db.HibernateConfiguration}', contextInitializerClasses = '[]', activeProfiles = '{dev}', propertySourceLocations = '{}', propertySourceProperties = '{}', contextLoader = 'org.springframework.test.context.support.DelegatingSmartContextLoader', parent = [null]]]; transaction manager [org.springframework.orm.jpa.JpaTransactionManager@3b7118f5]; rollback [true]
17:35:27,844 DEBUG SQL:109 - select user0_.id as id1_1_, user0_.createDate as createDa2_1_, user0_.lastUpdate as lastUpda3_1_, user0_.username as username4_1_ from User user0_
Hibernate: select user0_.id as id1_1_, user0_.createDate as createDa2_1_, user0_.lastUpdate as lastUpda3_1_, user0_.username as username4_1_ from User user0_
17:35:27,845 TRACE BasicExtractor:78 - extracted value ([id1_1_] : [BIGINT]) - [1]
17:35:27,846 TRACE BasicExtractor:78 - extracted value ([createDa2_1_] : [TIMESTAMP]) - [2015-11-25 17:35:27.147]
17:35:27,846 TRACE BasicExtractor:78 - extracted value ([lastUpda3_1_] : [TIMESTAMP]) - [2015-11-25 17:35:27.147]
17:35:27,847 TRACE BasicExtractor:78 - extracted value ([username4_1_] : [VARCHAR]) - [toto]
17:35:27,847 TRACE BasicExtractor:78 - extracted value ([id1_1_] : [BIGINT]) - [2]
17:35:27,848 TRACE BasicExtractor:78 - extracted value ([createDa2_1_] : [TIMESTAMP]) - [2015-11-25 17:35:27.151]
17:35:27,848 TRACE BasicExtractor:78 - extracted value ([lastUpda3_1_] : [TIMESTAMP]) - [2015-11-25 17:35:27.151]
17:35:27,848 TRACE BasicExtractor:78 - extracted value ([username4_1_] : [VARCHAR]) - [Bob]
17:35:27,858  INFO TransactionContext:136 - Rolled back transaction for test context [DefaultTestContext@2c6943e8 testClass = UserRepositoryTest, testInstance = com.whoseturn.api.repository.UserRepositoryTest@1b8501f6, testMethod = testFindAll@UserRepositoryTest, testException = [null], mergedContextConfiguration = [MergedContextConfiguration@bd62368 testClass = UserRepositoryTest, locations = '{}', classes = '{class com.whoseturn.api.configuration.db.HibernateConfiguration}', contextInitializerClasses = '[]', activeProfiles = '{dev}', propertySourceLocations = '{}', propertySourceProperties = '{}', contextLoader = 'org.springframework.test.context.support.DelegatingSmartContextLoader', parent = [null]]].
17:35:27,860  INFO TransactionContext:101 - Began transaction (1) for test context [DefaultTestContext@2c6943e8 testClass = UserRepositoryTest, testInstance = com.whoseturn.api.repository.UserRepositoryTest@1dd5f236, testMethod = testPersistWrong@UserRepositoryTest, testException = [null], mergedContextConfiguration = [MergedContextConfiguration@bd62368 testClass = UserRepositoryTest, locations = '{}', classes = '{class com.whoseturn.api.configuration.db.HibernateConfiguration}', contextInitializerClasses = '[]', activeProfiles = '{dev}', propertySourceLocations = '{}', propertySourceProperties = '{}', contextLoader = 'org.springframework.test.context.support.DelegatingSmartContextLoader', parent = [null]]]; transaction manager [org.springframework.orm.jpa.JpaTransactionManager@3b7118f5]; rollback [true]
17:35:27,861 DEBUG SQL:109 - insert into User (id, createDate, lastUpdate, username) values (null, ?, ?, ?)
Hibernate: insert into User (id, createDate, lastUpdate, username) values (null, ?, ?, ?)
17:35:27,862 TRACE BasicBinder:81 - binding parameter [1] as [TIMESTAMP] - [Wed Nov 25 17:35:27 CET 2015]
17:35:27,863 TRACE BasicBinder:81 - binding parameter [2] as [TIMESTAMP] - [Wed Nov 25 17:35:27 CET 2015]
17:35:27,863 TRACE BasicBinder:69 - binding parameter [3] as [VARCHAR] - [null]
17:35:27,865  WARN SqlExceptionHelper:144 - SQL Error: 23502, SQLState: 23502
17:35:27,865 ERROR SqlExceptionHelper:146 - NULL not allowed for column "USERNAME"; SQL statement:
insert into User (id, createDate, lastUpdate, username) values (null, ?, ?, ?) [23502-190]
17:35:27,870  INFO TransactionContext:136 - Rolled back transaction for test context [DefaultTestContext@2c6943e8 testClass = UserRepositoryTest, testInstance = com.whoseturn.api.repository.UserRepositoryTest@1dd5f236, testMethod = testPersistWrong@UserRepositoryTest, testException = [null], mergedContextConfiguration = [MergedContextConfiguration@bd62368 testClass = UserRepositoryTest, locations = '{}', classes = '{class com.whoseturn.api.configuration.db.HibernateConfiguration}', contextInitializerClasses = '[]', activeProfiles = '{dev}', propertySourceLocations = '{}', propertySourceProperties = '{}', contextLoader = 'org.springframework.test.context.support.DelegatingSmartContextLoader', parent = [null]]].
17:35:27,873  INFO TransactionContext:101 - Began transaction (1) for test context [DefaultTestContext@2c6943e8 testClass = UserRepositoryTest, testInstance = com.whoseturn.api.repository.UserRepositoryTest@58c75c3c, testMethod = testFindById@UserRepositoryTest, testException = [null], mergedContextConfiguration = [MergedContextConfiguration@bd62368 testClass = UserRepositoryTest, locations = '{}', classes = '{class com.whoseturn.api.configuration.db.HibernateConfiguration}', contextInitializerClasses = '[]', activeProfiles = '{dev}', propertySourceLocations = '{}', propertySourceProperties = '{}', contextLoader = 'org.springframework.test.context.support.DelegatingSmartContextLoader', parent = [null]]]; transaction manager [org.springframework.orm.jpa.JpaTransactionManager@3b7118f5]; rollback [true]
17:35:27,876 DEBUG SQL:109 - select user0_.id as id1_1_0_, user0_.createDate as createDa2_1_0_, user0_.lastUpdate as lastUpda3_1_0_, user0_.username as username4_1_0_ from User user0_ where user0_.id=?
Hibernate: select user0_.id as id1_1_0_, user0_.createDate as createDa2_1_0_, user0_.lastUpdate as lastUpda3_1_0_, user0_.username as username4_1_0_ from User user0_ where user0_.id=?
17:35:27,877 TRACE BasicBinder:81 - binding parameter [1] as [BIGINT] - [1]
17:35:27,881 TRACE BasicExtractor:78 - extracted value ([createDa2_1_0_] : [TIMESTAMP]) - [2015-11-25 17:35:27.147]
17:35:27,882 TRACE BasicExtractor:78 - extracted value ([lastUpda3_1_0_] : [TIMESTAMP]) - [2015-11-25 17:35:27.147]
17:35:27,882 TRACE BasicExtractor:78 - extracted value ([username4_1_0_] : [VARCHAR]) - [toto]
17:35:27,887  INFO TransactionContext:136 - Rolled back transaction for test context [DefaultTestContext@2c6943e8 testClass = UserRepositoryTest, testInstance = com.whoseturn.api.repository.UserRepositoryTest@58c75c3c, testMethod = testFindById@UserRepositoryTest, testException = [null], mergedContextConfiguration = [MergedContextConfiguration@bd62368 testClass = UserRepositoryTest, locations = '{}', classes = '{class com.whoseturn.api.configuration.db.HibernateConfiguration}', contextInitializerClasses = '[]', activeProfiles = '{dev}', propertySourceLocations = '{}', propertySourceProperties = '{}', contextLoader = 'org.springframework.test.context.support.DelegatingSmartContextLoader', parent = [null]]].
]]></system-out>
  <system-err><![CDATA[]]></system-err>
</testsuite>
